[21Jul2024 00:03:26.730] [Server thread/INFO] [net.minecraft.server.MinecraftServer/]: SNAY has made the advancement [We Need to Go Deeper]
[21Jul2024 00:03:27.338] [Server thread/INFO] [net.minecraft.server.MinecraftServer/]: SNAY has made the advancement [The Learned Piglins]
[21Jul2024 00:06:47.421] [Server thread/WARN] [net.minecraft.server.network.ServerGamePacketListenerImpl/]: whitehairguy moved too quickly! 0.07583971007261425,-0.792900290626676,-10.045433236458848
[21Jul2024 00:10:58.067] [Server thread/INFO] [net.minecraft.server.network.ServerGamePacketListenerImpl/]: whitehairguy lost connection: Disconnected
[21Jul2024 00:10:58.067] [Server thread/INFO] [net.minecraft.server.MinecraftServer/]: whitehairguy left the game
[21Jul2024 00:11:12.163] [Server thread/INFO] [net.minecraft.server.players.PlayerList/]: whitehairguy[/127.62.183.170:52872] logged in with entity id 10190 at (4261.772579787446, 72.0, -8427.211536283316)
[21Jul2024 00:11:12.191] [Server thread/INFO] [net.minecraft.server.MinecraftServer/]: whitehairguy joined the game
[21Jul2024 00:13:25.668] [Server thread/INFO] [net.minecraft.server.MinecraftServer/]: SNAY has made the advancement [Diamonds!]
[21Jul2024 00:13:32.575] [Server thread/INFO] [net.minecraft.server.MinecraftServer/]: SNAY has made the advancement [Cover Me with Diamonds]
[21Jul2024 00:18:07.390] [Server thread/INFO] [net.minecraft.server.MinecraftServer/]: SNAY has made the advancement [Take Aim]
[21Jul2024 00:21:42.348] [Server thread/INFO] [net.minecraft.server.MinecraftServer/]: SNAY has made the advancement [A Terrible Fortress]
[21Jul2024 00:21:46.793] [Server thread/INFO] [net.minecraft.server.MinecraftServer/]: SNAY has made the advancement [Into Fire]
[21Jul2024 00:34:48.800] [Server thread/INFO] [net.minecraft.server.MinecraftServer/]: SNAY was slain by Wither Skeleton
[21Jul2024 00:35:08.899] [Server thread/INFO] [net.minecraft.server.MinecraftServer/]: SNAY was slain by Wither Skeleton
[21Jul2024 00:35:41.657] [Server thread/INFO] [net.minecraft.server.MinecraftServer/]: SNAY was fireballed by Blaze
[21Jul2024 00:37:16.815] [Server thread/INFO] [net.minecraft.server.network.ServerGamePacketListenerImpl/]: whitehairguy lost connection: Disconnected
[21Jul2024 00:37:16.815] [Server thread/INFO] [net.minecraft.server.MinecraftServer/]: whitehairguy left the game
[21Jul2024 00:38:03.338] [Server thread/INFO] [net.minecraft.server.network.ServerGamePacketListenerImpl/]: SNAY lost connection: Disconnected
[21Jul2024 00:38:03.338] [Server thread/INFO] [net.minecraft.server.MinecraftServer/]: SNAY left the game
[21Jul2024 00:38:17.187] [Server thread/INFO] [net.minecraft.server.players.PlayerList/]: whitehairguy[/127.62.183.170:53604] logged in with entity id 18119 at (658.0314715459658, 68.0, -1039.1833832623006)
[21Jul2024 00:38:17.224] [Server thread/INFO] [net.minecraft.server.MinecraftServer/]: whitehairguy joined the game
[21Jul2024 00:38:34.483] [Server thread/INFO] [net.minecraft.server.players.PlayerList/]: SNAY[/127.169.8.72:53613] logged in with entity id 18497 at (518.6151685329687, 52.0, -1029.70731389088)
[21Jul2024 00:38:34.494] [Server thread/INFO] [net.minecraft.server.MinecraftServer/]: SNAY joined the game
[21Jul2024 00:39:58.290] [Server thread/INFO] [net.minecraft.server.MinecraftServer/]: [Not Secure] <whitehairguy> 657 -1039
[21Jul2024 00:40:10.266] [Server thread/INFO] [net.minecraft.server.MinecraftServer/]: [Not Secure] <SNAY> 606 -1005
[21Jul2024 00:41:13.546] [Server thread/INFO] [net.minecraft.server.MinecraftServer/]: SNAY was shot by Skeleton
[21Jul2024 00:49:54.834] [Server thread/INFO] [net.minecraft.server.MinecraftServer/]: SNAY has made the advancement [Sweet Dreams]
[21Jul2024 00:53:27.818] [Server thread/WARN] [net.minecraft.server.level.ServerPlayerGameMode/]: Mismatch in destroy block pos: BlockPos{x=4226, y=72, z=-8404} BlockPos{x=4225, y=70, z=-8404}
[21Jul2024 00:54:17.867] [Server thread/INFO] [net.minecraft.server.network.ServerGamePacketListenerImpl/]: whitehairguy lost connection: Disconnected
[21Jul2024 00:54:17.867] [Server thread/INFO] [net.minecraft.server.MinecraftServer/]: whitehairguy left the game
[21Jul2024 00:55:15.739] [Server thread/WARN] [net.minecraft.server.network.ServerGamePacketListenerImpl/]: SNAY moved too quickly! 8.073287369788886,-1.0,5.895257648890038
[21Jul2024 00:55:15.866] [Server thread/WARN] [net.minecraft.server.MinecraftServer/]: Can't keep up! Is the server overloaded? Running 2527ms or 50 ticks behind
[21Jul2024 00:59:44.336] [Server thread/INFO] [net.minecraft.server.players.PlayerList/]: whitehairguy[/127.62.183.170:54170] logged in with entity id 26875 at (4233.076584717135, 72.0, -8398.2921083225)
[21Jul2024 00:59:44.358] [Server thread/INFO] [net.minecraft.server.MinecraftServer/]: whitehairguy joined the game
[21Jul2024 01:00:22.389] [Server thread/WARN] [net.minecraft.server.MinecraftServer/]: Can't keep up! Is the server overloaded? Running 2606ms or 52 ticks behind
[21Jul2024 01:00:22.452] [Server thread/WARN] [net.minecraft.server.network.ServerGamePacketListenerImpl/]: SNAY moved too quickly! 1.0017915877907813,-1.0244240882136921,-10.074785321839954
[21Jul2024 01:03:34.160] [Server thread/INFO] [net.minecraft.server.MinecraftServer/]: whitehairguy has made the advancement [A Seedy Place]
[21Jul2024 01:03:43.518] [Server thread/INFO] [net.minecraft.server.MinecraftServer/]: SNAY has made the advancement [A Seedy Place]
[21Jul2024 01:08:04.718] [Server thread/INFO] [net.minecraft.server.MinecraftServer/]: [Not Secure] <SNAY> aaya
[21Jul2024 01:08:23.764] [Server thread/INFO] [net.minecraft.server.MinecraftServer/]: [Not Secure] <SNAY> kk
[21Jul2024 01:09:13.507] [Server thread/INFO] [net.minecraft.server.MinecraftServer/]: [Not Secure] <SNAY> kha?
[21Jul2024 01:09:23.110] [Server thread/INFO] [net.minecraft.server.MinecraftServer/]: [Not Secure] <whitehairguy> 7 204
[21Jul2024 01:10:30.415] [Server thread/INFO] [net.minecraft.server.MinecraftServer/]: [Not Secure] <SNAY> haa
[21Jul2024 01:11:08.554] [Server thread/INFO] [net.minecraft.server.MinecraftServer/]: [Not Secure] <SNAY> isnt it lagging
[21Jul2024 01:12:08.693] [Server thread/INFO] [net.minecraft.server.MinecraftServer/]: SNAY has made the advancement [A Major Trial Of Strengh]
[21Jul2024 01:12:18.473] [Server thread/INFO] [net.minecraft.server.MinecraftServer/]: [Not Secure] <whitehairguy> what??
[21Jul2024 01:12:30.670] [Server thread/INFO] [net.minecraft.server.MinecraftServer/]: [Not Secure] <SNAY> got the bottle
[21Jul2024 01:12:55.668] [Server thread/INFO] [net.minecraft.server.MinecraftServer/]: [Not Secure] <whitehairguy> wait
[21Jul2024 01:12:58.866] [Server thread/INFO] [net.minecraft.server.MinecraftServer/]: [Not Secure] <whitehairguy> let me restart
[21Jul2024 01:13:02.781] [Server thread/INFO] [net.minecraft.server.MinecraftServer/]: [Not Secure] <whitehairguy> fps drop
[21Jul2024 01:13:05.504] [Server thread/INFO] [net.minecraft.server.network.ServerGamePacketListenerImpl/]: whitehairguy lost connection: Disconnected
[21Jul2024 01:13:05.537] [Server thread/INFO] [net.minecraft.server.MinecraftServer/]: whitehairguy left the game
[21Jul2024 01:13:07.803] [Server thread/INFO] [net.minecraft.server.network.ServerGamePacketListenerImpl/]: SNAY lost connection: Disconnected
[21Jul2024 01:13:07.803] [Server thread/INFO] [net.minecraft.server.MinecraftServer/]: SNAY left the game
[21Jul2024 01:13:34.101] [Server thread/INFO] [net.minecraft.server.players.PlayerList/]: whitehairguy[/127.62.183.170:54532] logged in with entity id 35661 at (6.492770734467933, 2.0, 211.69999998807907)
[21Jul2024 01:13:34.132] [Server thread/INFO] [net.minecraft.server.MinecraftServer/]: whitehairguy joined the game
[21Jul2024 01:14:33.229] [Server thread/INFO] [net.minecraft.server.players.PlayerList/]: SNAY[/127.169.8.72:54558] logged in with entity id 36130 at (6.373468302995514, 2.0, 209.67511133045423)
[21Jul2024 01:14:33.245] [Server thread/INFO] [net.minecraft.server.MinecraftServer/]: SNAY joined the game
[21Jul2024 01:14:55.133] [Server thread/INFO] [net.minecraft.server.MinecraftServer/]: [Not Secure] <SNAY> lagging?
[21Jul2024 01:15:00.472] [Server thread/INFO] [net.minecraft.server.MinecraftServer/]: [Not Secure] <whitehairguy> no
[21Jul2024 01:15:18.251] [Server thread/INFO] [net.minecraft.server.MinecraftServer/]: [Not Secure] <whitehairguy> you took the loot
[21Jul2024 01:15:23.698] [Server thread/INFO] [net.minecraft.server.MinecraftServer/]: [Not Secure] <whitehairguy> what did you get
[21Jul2024 01:15:33.961] [Server thread/INFO] [net.minecraft.server.MinecraftServer/]: [Not Secure] <SNAY> this only
[21Jul2024 01:15:36.211] [Server thread/INFO] [net.minecraft.server.MinecraftServer/]: [Not Secure] <whitehairguy> aja
[21Jul2024 01:16:18.207] [Server thread/INFO] [net.minecraft.server.MinecraftServer/]: [Not Secure] <whitehairguy> two keys
[21Jul2024 01:16:19.551] [Server thread/INFO] [net.minecraft.server.MinecraftServer/]: [Not Secure] <whitehairguy> hmm
[21Jul2024 01:16:47.761] [Server thread/INFO] [net.minecraft.server.MinecraftServer/]: [Not Secure] <whitehairguy> use the keys
[21Jul2024 01:17:00.165] [Server thread/INFO] [net.minecraft.server.MinecraftServer/]: [Not Secure] <SNAY> yeh key nhi hai
[21Jul2024 01:17:02.867] [Server thread/INFO] [net.minecraft.server.MinecraftServer/]: [Not Secure] <whitehairguy> acha
[21Jul2024 01:17:04.975] [Server thread/INFO] [net.minecraft.server.MinecraftServer/]: [Not Secure] <SNAY> got the blue ones
[21Jul2024 01:17:05.848] [Server thread/INFO] [net.minecraft.server.MinecraftServer/]: [Not Secure] <whitehairguy> woh orange wali hai
[21Jul2024 01:17:09.468] [Server thread/INFO] [net.minecraft.server.MinecraftServer/]: [Not Secure] <whitehairguy> hmmm
[21Jul2024 01:17:16.104] [Server thread/INFO] [net.minecraft.server.MinecraftServer/]: [Not Secure] <whitehairguy> smbhal le
[21Jul2024 01:17:20.747] [Server thread/INFO] [net.minecraft.server.MinecraftServer/]: [Not Secure] <whitehairguy> agge khi kaam ajayegi
[21Jul2024 01:17:23.021] [Server thread/INFO] [net.minecraft.server.MinecraftServer/]: [Not Secure] <SNAY> ok
[21Jul2024 01:17:47.773] [Server thread/INFO] [net.minecraft.server.MinecraftServer/]: [Not Secure] <whitehairguy> it was a tier 1
[21Jul2024 01:17:54.417] [Server thread/INFO] [net.minecraft.server.MinecraftServer/]: [Not Secure] <SNAY> hmm
[21Jul2024 01:18:13.975] [Server thread/INFO] [net.minecraft.server.MinecraftServer/]: [Not Secure] <whitehairguy> still havent explored an ancient city in this
[21Jul2024 01:18:20.579] [Server thread/INFO] [net.minecraft.server.MinecraftServer/]: [Not Secure] <SNAY> hmm
[21Jul2024 01:18:29.019] [Server thread/INFO] [net.minecraft.server.MinecraftServer/]: [Not Secure] <whitehairguy> krni?
[21Jul2024 01:18:37.173] [Server thread/INFO] [net.minecraft.server.MinecraftServer/]: [Not Secure] <whitehairguy> or a raid
[21Jul2024 01:18:41.072] [Server thread/INFO] [net.minecraft.server.MinecraftServer/]: [Not Secure] <whitehairguy> i got omen
[21Jul2024 01:18:44.061] [Server thread/INFO] [net.minecraft.server.MinecraftServer/]: [Not Secure] <whitehairguy> for 10 m
[21Jul2024 01:18:47.418] [Server thread/INFO] [net.minecraft.server.MinecraftServer/]: [Not Secure] <SNAY> are we capable to do that
[21Jul2024 01:18:56.609] [Server thread/INFO] [net.minecraft.server.MinecraftServer/]: [Not Secure] <whitehairguy> no tbh
[21Jul2024 01:19:09.620] [Server thread/INFO] [net.minecraft.server.MinecraftServer/]: [Not Secure] <SNAY> haha
[21Jul2024 01:19:20.365] [Server thread/INFO] [net.minecraft.server.MinecraftServer/]: [Not Secure] <SNAY> yeh saala touch pad
[21Jul2024 01:19:24.098] [Server thread/INFO] [net.minecraft.server.MinecraftServer/]: [Not Secure] <whitehairguy> koe na
[21Jul2024 01:19:25.872] [Server thread/INFO] [net.minecraft.server.MinecraftServer/]: [Not Secure] <whitehairguy> need food
[21Jul2024 01:19:32.834] [Server thread/INFO] [net.minecraft.server.MinecraftServer/]: [Not Secure] <SNAY> wait
[21Jul2024 01:22:25.798] [Server thread/INFO] [net.minecraft.server.MinecraftServer/]: [Not Secure] <whitehairguy> hmm yeh kaunsa protal hai
[21Jul2024 01:22:27.919] [Server thread/INFO] [net.minecraft.server.MinecraftServer/]: [Not Secure] <whitehairguy> i dont remember
[21Jul2024 01:22:29.012] [Server thread/INFO] [net.minecraft.server.MinecraftServer/]: [Not Secure] <whitehairguy> his
[21Jul2024 01:22:31.247] [Server thread/INFO] [net.minecraft.server.MinecraftServer/]: [Not Secure] <whitehairguy> this*
[21Jul2024 01:23:31.420] [Server thread/INFO] [net.minecraft.server.MinecraftServer/]: [Not Secure] <whitehairguy> radnom player generated
[21Jul2024 01:23:43.369] [Server thread/INFO] [net.minecraft.server.MinecraftServer/]: [Not Secure] <whitehairguy> food
[21Jul2024 01:23:45.306] [Server thread/INFO] [net.minecraft.server.MinecraftServer/]: [Not Secure] <SNAY> hmm
[21Jul2024 01:25:34.660] [Server thread/INFO] [net.minecraft.server.MinecraftServer/]: [Not Secure] <SNAY> come here
[21Jul2024 01:26:39.006] [Server thread/INFO] [net.minecraft.server.MinecraftServer/]: [Not Secure] <whitehairguy> ohh we visited this
[21Jul2024 01:26:49.820] [Server thread/INFO] [net.minecraft.server.MinecraftServer/]: [Not Secure] <whitehairguy> hmari hi raft hai woh
[21Jul2024 01:27:19.960] [Server thread/INFO] [net.minecraft.server.MinecraftServer/]: [Not Secure] <SNAY> this is a nice place
[21Jul2024 01:27:23.069] [Server thread/INFO] [net.minecraft.server.MinecraftServer/]: [Not Secure] <whitehairguy> yess
[21Jul2024 01:27:28.116] [Server thread/INFO] [net.minecraft.server.MinecraftServer/]: [Not Secure] <whitehairguy> custom generated
[21Jul2024 01:27:43.517] [Server thread/INFO] [net.minecraft.server.MinecraftServer/]: [Not Secure] <whitehairguy> i think its a jungle tavern
[21Jul2024 01:27:53.389] [Server thread/INFO] [net.minecraft.server.MinecraftServer/]: [Not Secure] <whitehairguy> you can check new things through advancements
[21Jul2024 01:27:55.829] [Server thread/INFO] [net.minecraft.server.MinecraftServer/]: [Not Secure] <whitehairguy> press L
[21Jul2024 01:27:56.762] [Server thread/INFO] [net.minecraft.server.MinecraftServer/]: [Not Secure] <SNAY> ohh\
[21Jul2024 01:32:05.483] [Server thread/INFO] [net.minecraft.server.MinecraftServer/]: [Not Secure] <SNAY> i found coast armor trim
[21Jul2024 01:32:53.425] [Server thread/INFO] [net.minecraft.server.MinecraftServer/]: [Not Secure] <whitehairguy> these telporations have made travel so easy
[21Jul2024 01:32:55.497] [Server thread/INFO] [net.minecraft.server.MinecraftServer/]: [Not Secure] <whitehairguy> thats great
[21Jul2024 01:33:02.609] [Server thread/INFO] [net.minecraft.server.MinecraftServer/]: [Not Secure] <SNAY> true bhai
[21Jul2024 01:33:15.015] [Server thread/INFO] [net.minecraft.server.MinecraftServer/]: [Not Secure] <whitehairguy> can easily cover 8k blocks
[21Jul2024 01:33:30.309] [Server thread/INFO] [net.minecraft.server.MinecraftServer/]: [Not Secure] <SNAY> hey look at this
[21Jul2024 01:33:39.919] [Server thread/INFO] [net.minecraft.server.MinecraftServer/]: [Not Secure] <whitehairguy> ohhh
[21Jul2024 01:33:55.859] [Server thread/INFO] [net.minecraft.server.MinecraftServer/]: [Not Secure] <whitehairguy> ek baar shulker boxese ajayeg
[21Jul2024 01:33:58.327] [Server thread/INFO] [net.minecraft.server.MinecraftServer/]: [Not Secure] <whitehairguy> and end chest
[21Jul2024 01:34:03.213] [Server thread/INFO] [net.minecraft.server.MinecraftServer/]: [Not Secure] <SNAY> hmm
[21Jul2024 01:34:04.069] [Server thread/INFO] [net.minecraft.server.MinecraftServer/]: [Not Secure] <whitehairguy> then i will start collecting
[21Jul2024 01:34:08.376] [Server thread/INFO] [net.minecraft.server.MinecraftServer/]: [Not Secure] <whitehairguy> vaise end ja skte hai
[21Jul2024 01:34:15.320] [Server thread/INFO] [net.minecraft.server.MinecraftServer/]: [Not Secure] <whitehairguy> have enough blaze rods
[21Jul2024 01:34:20.909] [Server thread/INFO] [net.minecraft.server.MinecraftServer/]: [Not Secure] <whitehairguy> just need eyes
[21Jul2024 01:34:29.748] [Server thread/INFO] [net.minecraft.server.MinecraftServer/]: [Not Secure] <SNAY> we dont have good armor
[21Jul2024 01:34:48.715] [Server thread/INFO] [net.minecraft.server.MinecraftServer/]: [Not Secure] <whitehairguy> dragon slay toh aise hi hojana hai baar baar respawn krke
[21Jul2024 01:34:49.845] [Server thread/INFO] [net.minecraft.server.network.ServerGamePacketListenerImpl/]: SNAY lost connection: Disconnected
[21Jul2024 01:34:49.857] [Server thread/INFO] [net.minecraft.server.MinecraftServer/]: SNAY left the game
[21Jul2024 01:35:16.079] [Server thread/INFO] [net.minecraft.server.players.PlayerList/]: SNAY[/127.169.8.72:55077] logged in with entity id 43670 at (4238.727909535295, 72.5625, -8394.795415379349)
[21Jul2024 01:35:16.079] [Server thread/INFO] [net.minecraft.server.MinecraftServer/]: SNAY joined the game
[21Jul2024 01:35:29.458] [Server thread/INFO] [net.minecraft.server.MinecraftServer/]: [Not Secure] <whitehairguy> maine and mere friwnd ne 4 hr mein speedrun kra tha
[21Jul2024 01:35:43.436] [Server thread/INFO] [net.minecraft.server.MinecraftServer/]: [Not Secure] <SNAY> thats cool
[21Jul2024 01:36:10.456] [Server thread/INFO] [net.minecraft.server.MinecraftServer/]: [Not Secure] <SNAY> samaan kha rakhna hai ?
[21Jul2024 01:36:15.041] [Server thread/INFO] [net.minecraft.server.MinecraftServer/]: [Not Secure] <whitehairguy> dekhle
[21Jul2024 01:36:20.894] [Server thread/INFO] [net.minecraft.server.MinecraftServer/]: [Not Secure] <whitehairguy> yehbta aur koe mods hai?
[21Jul2024 01:36:28.553] [Server thread/INFO] [net.minecraft.server.MinecraftServer/]: [Not Secure] <whitehairguy> toh server mein add krdete hai
[21Jul2024 01:36:40.132] [Server thread/INFO] [net.minecraft.server.MinecraftServer/]: [Not Secure] <SNAY> i dont use mods much
[21Jul2024 01:36:47.566] [Server thread/INFO] [net.minecraft.server.MinecraftServer/]: [Not Secure] <SNAY> youtube pr dekh lenge
[21Jul2024 01:37:03.177] [Server thread/INFO] [net.minecraft.server.MinecraftServer/]: [Not Secure] <whitehairguy> okeey
[21Jul2024 01:37:12.561] [Server thread/INFO] [net.minecraft.server.MinecraftServer/]: [Not Secure] <whitehairguy> i was thinking of making deep dark more hard
[21Jul2024 01:37:23.371] [Server thread/INFO] [net.minecraft.server.MinecraftServer/]: [Not Secure] <whitehairguy> vaise ancient city bhi custom hai ismein
[21Jul2024 01:37:31.664] [Server thread/INFO] [net.minecraft.server.MinecraftServer/]: [Not Secure] <SNAY> hai
[21Jul2024 01:37:31.949] [Server thread/INFO] [net.minecraft.server.MinecraftServer/]: [Not Secure] <whitehairguy> same goes for end cities
[21Jul2024 01:37:38.596] [Server thread/INFO] [net.minecraft.server.MinecraftServer/]: [Not Secure] <SNAY> jayenge then
[21Jul2024 01:37:48.851] [Server thread/INFO] [net.minecraft.server.MinecraftServer/]: [Not Secure] <SNAY> ek baar enchantment krle
[21Jul2024 01:38:00.673] [Server thread/INFO] [net.minecraft.server.MinecraftServer/]: [Not Secure] <whitehairguy> literally sare custom hai enchants setup krta main
[21Jul2024 01:38:03.664] [Server thread/INFO] [net.minecraft.server.MinecraftServer/]: [Not Secure] <whitehairguy> bookshelves
[21Jul2024 01:38:53.111] [Server thread/INFO] [net.minecraft.server.MinecraftServer/]: [Not Secure] <SNAY> kha gya tu ?
[21Jul2024 01:38:57.944] [Server thread/INFO] [net.minecraft.server.MinecraftServer/]: [Not Secure] <whitehairguy> sugear can lene
[21Jul2024 01:39:48.119] [Server thread/INFO] [net.minecraft.server.MinecraftServer/]: [Not Secure] <whitehairguy> got a strucutre
[21Jul2024 01:39:50.319] [Server thread/INFO] [net.minecraft.server.MinecraftServer/]: [Not Secure] <whitehairguy> come here
[21Jul2024 01:40:03.673] [Server thread/INFO] [net.minecraft.server.MinecraftServer/]: [Not Secure] <SNAY> coords
[21Jul2024 01:40:18.269] [Server thread/INFO] [net.minecraft.server.MinecraftServer/]: [Not Secure] <whitehairguy> 4366 -8496
[21Jul2024 01:40:22.777] [Server thread/INFO] [net.minecraft.server.MinecraftServer/]: [Not Secure] <whitehairguy> inventory khali krke ana
[21Jul2024 01:41:19.099] [Server thread/INFO] [net.minecraft.server.MinecraftServer/]: [Not Secure] <whitehairguy> basic loot hogi ismein tho
[21Jul2024 01:42:22.463] [Server thread/INFO] [net.minecraft.server.MinecraftServer/]: [Not Secure] <whitehairguy> take bookshlevs
[21Jul2024 01:42:51.013] [Server thread/INFO] [net.minecraft.server.MinecraftServer/]: [Not Secure] <SNAY> i dont have silk touch
[21Jul2024 01:42:57.522] [Server thread/INFO] [net.minecraft.server.MinecraftServer/]: [Not Secure] <whitehairguy> a=i have
[21Jul2024 01:43:33.913] [Server thread/INFO] [net.minecraft.server.MinecraftServer/]: [Not Secure] <whitehairguy> here
[21Jul2024 01:43:57.314] [Server thread/INFO] [net.minecraft.server.MinecraftServer/]: [Not Secure] <whitehairguy> come
[21Jul2024 01:45:28.370] [Server thread/INFO] [net.minecraft.server.MinecraftServer/]: [Not Secure] <SNAY> come here, bookshelves
[21Jul2024 01:45:43.368] [Server thread/INFO] [net.minecraft.server.MinecraftServer/]: [Not Secure] <whitehairguy> ohhh we set
[21Jul2024 01:47:51.681] [Server thread/INFO] [net.minecraft.server.MinecraftServer/]: [Not Secure] <SNAY> where r u
[21Jul2024 01:47:58.526] [Server thread/INFO] [net.minecraft.server.MinecraftServer/]: [Not Secure] <whitehairguy> lower flooe
[21Jul2024 01:48:01.256] [Server thread/INFO] [net.minecraft.server.MinecraftServer/]: [Not Secure] <whitehairguy> floor
[21Jul2024 01:49:13.059] [Server thread/INFO] [net.minecraft.server.MinecraftServer/]: [Not Secure] <whitehairguy> bookshelves hi thi
[21Jul2024 01:49:25.628] [Server thread/INFO] [net.minecraft.server.MinecraftServer/]: [Not Secure] <whitehairguy> base kha hai??
[21Jul2024 01:49:26.929] [Server thread/INFO] [net.minecraft.server.MinecraftServer/]: [Not Secure] <SNAY> got a music disc]
[21Jul2024 01:49:32.876] [Server thread/INFO] [net.minecraft.server.MinecraftServer/]: [Not Secure] <whitehairguy> same
[21Jul2024 01:49:56.705] [Server thread/INFO] [net.minecraft.server.MinecraftServer/]: [Not Secure] <whitehairguy> base where?
[21Jul2024 01:50:07.821] [Server thread/INFO] [net.minecraft.server.MinecraftServer/]: [Not Secure] <SNAY> no idea
[21Jul2024 01:50:22.128] [Server thread/INFO] [net.minecraft.server.MinecraftServer/]: [Not Secure] <SNAY> positve z pr honi chaiye
[21Jul2024 01:50:40.717] [Server thread/INFO] [net.minecraft.server.MinecraftServer/]: [Not Secure] <whitehairguy> ek toh itna kncoback
[21Jul2024 01:50:48.401] [Server thread/INFO] [net.minecraft.server.MinecraftServer/]: [Not Secure] <whitehairguy> lets move
[21Jul2024 01:51:28.381] [Server thread/INFO] [net.minecraft.server.MinecraftServer/]: [Not Secure] <whitehairguy> which direction
[21Jul2024 01:53:14.377] [Server thread/INFO] [net.minecraft.server.MinecraftServer/]: [Not Secure] <whitehairguy> damn whats this
[21Jul2024 01:53:32.592] [Server thread/INFO] [net.minecraft.server.MinecraftServer/]: [Not Secure] <SNAY> a village ig
[21Jul2024 01:54:49.914] [Server thread/INFO] [net.minecraft.server.MinecraftServer/]: [Not Secure] <whitehairguy> have to repair my sword
[21Jul2024 01:54:57.681] [Server thread/INFO] [net.minecraft.server.MinecraftServer/]: [Not Secure] <whitehairguy> you got diamonds?
[21Jul2024 01:55:14.120] [Server thread/INFO] [net.minecraft.server.MinecraftServer/]: [Not Secure] <SNAY> nope, chest m rakh diye the
[21Jul2024 01:55:17.368] [Server thread/INFO] [net.minecraft.server.MinecraftServer/]: [Not Secure] <whitehairguy> alr
[21Jul2024 01:55:31.279] [Server thread/INFO] [net.minecraft.server.MinecraftServer/]: [Not Secure] <whitehairguy> 20 bookshelevs se hojayega
[21Jul2024 01:55:33.015] [Server thread/INFO] [net.minecraft.server.MinecraftServer/]: [Not Secure] <whitehairguy> kaam
[21Jul2024 01:55:53.026] [Server thread/INFO] [net.minecraft.server.MinecraftServer/]: [Not Secure] <SNAY> base kidhr hai
[21Jul2024 01:55:58.798] [Server thread/INFO] [net.minecraft.server.MinecraftServer/]: [Not Secure] <whitehairguy> umm good question
[21Jul2024 01:57:02.463] [Server thread/INFO] [net.minecraft.server.MinecraftServer/]: [Not Secure] <whitehairguy> oooo
[21Jul2024 01:57:04.126] [Server thread/INFO] [net.minecraft.server.MinecraftServer/]: [Not Secure] <whitehairguy> come here
[21Jul2024 01:57:30.218] [Server thread/INFO] [net.minecraft.server.MinecraftServer/]: [Not Secure] <whitehairguy> civilised village
[21Jul2024 01:57:35.832] [Server thread/INFO] [net.minecraft.server.MinecraftServer/]: [Not Secure] <SNAY> hmmm
[21Jul2024 01:57:50.021] [Server thread/INFO] [net.minecraft.server.MinecraftServer/]: [Not Secure] <SNAY> its good for a new base
[21Jul2024 01:57:53.980] [Server thread/INFO] [net.minecraft.server.MinecraftServer/]: [Not Secure] <whitehairguy> yes
[21Jul2024 01:57:58.385] [Server thread/INFO] [net.minecraft.server.MinecraftServer/]: [Not Secure] <whitehairguy> note cords
[21Jul2024 01:58:58.609] [Server thread/WARN] [net.minecraft.server.MinecraftServer/]: Can't keep up! Is the server overloaded? Running 2034ms or 40 ticks behind
[21Jul2024 01:59:32.473] [Server thread/INFO] [net.minecraft.server.MinecraftServer/]: [Not Secure] <SNAY> kya krna h ?
[21Jul2024 01:59:36.976] [Server thread/INFO] [net.minecraft.server.MinecraftServer/]: [Not Secure] <whitehairguy> im scouting
[21Jul2024 01:59:38.426] [Server thread/INFO] [net.minecraft.server.MinecraftServer/]: [Not Secure] <whitehairguy> huh
[21Jul2024 01:59:46.837] [Server thread/INFO] [net.minecraft.server.MinecraftServer/]: [Not Secure] <whitehairguy> base kidhr hai
[21Jul2024 02:00:02.033] [Server thread/WARN] [net.minecraft.server.MinecraftServer/]: Can't keep up! Is the server overloaded? Running 2101ms or 42 ticks behind
[21Jul2024 02:01:33.735] [Server thread/WARN] [net.minecraft.server.MinecraftServer/]: Can't keep up! Is the server overloaded? Running 2007ms or 40 ticks behind
[21Jul2024 02:01:44.897] [Server thread/INFO] [net.minecraft.server.MinecraftServer/]: [Not Secure] <whitehairguy> found a nether portal will got to nether and udhr se base ata main
[21Jul2024 02:01:51.005] [Server thread/INFO] [net.minecraft.server.MinecraftServer/]: [Not Secure] <whitehairguy> i know the terrain better there
[21Jul2024 02:01:52.168] [Worker-Main-14/ERROR] [net.minecraft.world.entity.decoration.BlockAttachedEntity/]: Block-attached entity at invalid position: BlockPos{x=202, y=47, z=211}
[21Jul2024 02:02:00.168] [Server thread/INFO] [net.minecraft.server.MinecraftServer/]: [Not Secure] <SNAY> coords
[21Jul2024 02:02:17.230] [Server thread/INFO] [net.minecraft.server.MinecraftServer/]: [Not Secure] <whitehairguy> 4004 -8651
[21Jul2024 02:03:25.242] [Server thread/WARN] [net.minecraft.server.network.ServerGamePacketListenerImpl/]: SNAY moved too quickly! -0.9302499702680507,1.5216761829341863,-10.064814957239832
[21Jul2024 02:03:25.268] [Server thread/WARN] [net.minecraft.server.MinecraftServer/]: Can't keep up! Is the server overloaded? Running 2682ms or 53 ticks behind
[21Jul2024 02:03:43.165] [Server thread/INFO] [net.minecraft.server.MinecraftServer/]: [Not Secure] <whitehairguy> justportal sid hi spawn hua lol
[21Jul2024 02:03:52.470] [Server thread/WARN] [net.minecraft.server.network.ServerGamePacketListenerImpl/]: SNAY moved too quickly! 1.5446532550022312,0.0,-9.980747442440588
[21Jul2024 02:03:52.517] [Server thread/WARN] [net.minecraft.server.MinecraftServer/]: Can't keep up! Is the server overloaded? Running 2933ms or 58 ticks behind
[21Jul2024 02:03:57.432] [Server thread/INFO] [net.minecraft.server.MinecraftServer/]: [Not Secure] <whitehairguy> kidhr hai??
[21Jul2024 02:04:16.118] [Server thread/INFO] [net.minecraft.server.MinecraftServer/]: [Not Secure] <SNAY> tere coords pr jaa rha
[21Jul2024 02:04:20.200] [Server thread/INFO] [net.minecraft.server.MinecraftServer/]: [Not Secure] <whitehairguy> okie
[21Jul2024 02:05:06.658] [Server thread/INFO] [net.minecraft.server.MinecraftServer/]: [Not Secure] <whitehairguy> found an illager camp
[21Jul2024 02:05:11.763] [Server thread/INFO] [net.minecraft.server.MinecraftServer/]: [Not Secure] <whitehairguy> jldi aao
[21Jul2024 02:05:50.674] [Server thread/WARN] [net.minecraft.server.network.ServerGamePacketListenerImpl/]: whitehairguy moved too quickly! 9.007638526491974,-0.06017880865072556,4.663209096554056
[21Jul2024 02:06:31.624] [Server thread/INFO] [net.minecraft.server.MinecraftServer/]: [Not Secure] <whitehairguy> another trials chamber
[21Jul2024 02:06:33.253] [Server thread/INFO] [net.minecraft.server.MinecraftServer/]: [Not Secure] <whitehairguy> lets go
[21Jul2024 02:06:55.857] [Server thread/INFO] [net.minecraft.server.MinecraftServer/]: [Not Secure] <whitehairguy> wait
[21Jul2024 02:06:58.950] [Server thread/INFO] [net.minecraft.server.MinecraftServer/]: [Not Secure] <whitehairguy> craft a new sword
[21Jul2024 02:07:01.615] [Server thread/INFO] [net.minecraft.server.MinecraftServer/]: [Not Secure] <whitehairguy> iron noe
[21Jul2024 02:07:03.009] [Server thread/INFO] [net.minecraft.server.MinecraftServer/]: [Not Secure] <whitehairguy> one
[21Jul2024 02:07:04.448] [Server thread/INFO] [net.minecraft.server.MinecraftServer/]: [Not Secure] <whitehairguy> for me
[21Jul2024 02:07:34.649] [Server thread/INFO] [net.minecraft.server.MinecraftServer/]: [Not Secure] <SNAY> waise iron nhi h
[21Jul2024 02:07:46.417] [Server thread/INFO] [net.minecraft.server.MinecraftServer/]: [Not Secure] <whitehairguy> herer you go
[21Jul2024 02:07:53.099] [Server thread/INFO] [net.minecraft.server.MinecraftServer/]: [Not Secure] <whitehairguy> side pr hai
[21Jul2024 02:07:55.189] [Server thread/INFO] [net.minecraft.server.MinecraftServer/]: [Not Secure] <whitehairguy> tere
[21Jul2024 02:08:19.600] [Server thread/INFO] [net.minecraft.server.MinecraftServer/]: [Not Secure] <whitehairguy> come insde
[21Jul2024 02:08:59.201] [Server thread/INFO] [net.minecraft.server.MinecraftServer/]: [Not Secure] <SNAY> your iron
[21Jul2024 02:09:04.273] [Server thread/INFO] [net.minecraft.server.MinecraftServer/]: [Not Secure] <whitehairguy> lea
[21Jul2024 02:09:34.511] [Server thread/INFO] [net.minecraft.server.MinecraftServer/]: [Not Secure] <whitehairguy> it gave iron lol
[21Jul2024 02:10:26.143] [Server thread/INFO] [net.minecraft.server.MinecraftServer/]: [Not Secure] <whitehairguy> we dont have keys
[21Jul2024 02:10:28.505] [Server thread/INFO] [net.minecraft.server.MinecraftServer/]: [Not Secure] <whitehairguy> huh
[21Jul2024 02:10:33.820] [Server thread/INFO] [net.minecraft.server.MinecraftServer/]: [Not Secure] <whitehairguy> ruk base mein hai
[21Jul2024 02:10:41.415] [Server thread/INFO] [net.minecraft.server.MinecraftServer/]: [Not Secure] <whitehairguy> wha se lekr ate
[21Jul2024 02:11:06.827] [Server thread/WARN] [net.minecraft.server.network.ServerGamePacketListenerImpl/]: whitehairguy moved too quickly! -8.749935051812827,0.0,-5.132055701840727
[21Jul2024 02:11:07.339] [Server thread/WARN] [net.minecraft.server.network.ServerGamePacketListenerImpl/]: SNAY moved too quickly! -9.90070518403445,0.0,-1.6239223623779253
[21Jul2024 02:11:56.504] [Server thread/INFO] [net.minecraft.server.MinecraftServer/]: [Not Secure] <whitehairguy> idk what this is
[21Jul2024 02:12:06.717] [Server thread/INFO] [net.minecraft.server.MinecraftServer/]: [Not Secure] <whitehairguy> looks like properly generate nhi hua
[21Jul2024 02:12:29.651] [Server thread/INFO] [net.minecraft.server.MinecraftServer/]: [Not Secure] <whitehairguy> aja
[21Jul2024 02:13:40.581] [Server thread/INFO] [net.minecraft.server.MinecraftServer/]: [Not Secure] <SNAY> finally
[21Jul2024 02:13:42.874] [Server thread/INFO] [net.minecraft.server.MinecraftServer/]: [Not Secure] <SNAY> base
[21Jul2024 02:13:43.837] [Server thread/INFO] [net.minecraft.server.MinecraftServer/]: [Not Secure] <whitehairguy> lol note the cords
[21Jul2024 02:14:05.174] [Server thread/INFO] [net.minecraft.server.MinecraftServer/]: [Not Secure] <whitehairguy> we were 200 blocks away
[21Jul2024 02:14:59.706] [Server thread/INFO] [net.minecraft.server.MinecraftServer/]: [Not Secure] <whitehairguy> giving 30 levels enchants
[21Jul2024 02:15:05.794] [Server thread/INFO] [net.minecraft.server.MinecraftServer/]: [Not Secure] <SNAY> ek pillager outpost map mila tha
[21Jul2024 02:15:10.540] [Server thread/INFO] [net.minecraft.server.MinecraftServer/]: [Not Secure] <whitehairguy> ohhh
[21Jul2024 02:16:16.512] [Server thread/INFO] [net.minecraft.server.MinecraftServer/]: [Not Secure] <SNAY> come here
[21Jul2024 02:16:25.893] [Server thread/INFO] [net.minecraft.server.MinecraftServer/]: [Not Secure] <whitehairguy> where
[21Jul2024 02:16:29.902] [Server thread/INFO] [net.minecraft.server.MinecraftServer/]: [Not Secure] <whitehairguy> ohh nice
[21Jul2024 02:16:36.209] [Server thread/INFO] [net.minecraft.server.MinecraftServer/]: [Not Secure] <whitehairguy> iset up enchanting table
[21Jul2024 02:16:37.801] [Server thread/INFO] [net.minecraft.server.MinecraftServer/]: [Not Secure] <whitehairguy> now
[21Jul2024 02:16:41.471] [Server thread/INFO] [net.minecraft.server.MinecraftServer/]: [Not Secure] <whitehairguy> enchants
[21Jul2024 02:16:54.546] [Server thread/INFO] [net.minecraft.server.MinecraftServer/]: [Not Secure] <whitehairguy> no one cared to mine lapis
[21Jul2024 02:17:11.010] [Server thread/INFO] [net.minecraft.server.MinecraftServer/]: [Not Secure] <SNAY> yeah
[21Jul2024 02:17:50.161] [Server thread/INFO] [net.minecraft.server.MinecraftServer/]: [Not Secure] <SNAY> what now
[21Jul2024 02:17:58.669] [Server thread/INFO] [net.minecraft.server.MinecraftServer/]: [Not Secure] <whitehairguy> mining for lapis and diamonds
[21Jul2024 02:18:02.127] [Server thread/INFO] [net.minecraft.server.MinecraftServer/]: [Not Secure] <whitehairguy> then enchants
[21Jul2024 02:18:07.369] [Server thread/INFO] [net.minecraft.server.MinecraftServer/]: [Not Secure] <SNAY> lets gooooooooooo]
[21Jul2024 02:18:08.913] [Server thread/INFO] [net.minecraft.server.MinecraftServer/]: [Not Secure] <whitehairguy> i will make a new armor
[21Jul2024 02:18:19.170] [Server thread/INFO] [net.minecraft.server.MinecraftServer/]: [Not Secure] <whitehairguy> sari durability 20% se km hai
[21Jul2024 02:18:24.378] [Server thread/INFO] [net.minecraft.server.MinecraftServer/]: [Not Secure] <SNAY> then make some iron pickaxe
[21Jul2024 02:18:30.830] [Server thread/INFO] [net.minecraft.server.MinecraftServer/]: [Not Secure] <SNAY> thoda iron dede
[21Jul2024 02:18:38.908] [Server thread/INFO] [net.minecraft.server.MinecraftServer/]: [Not Secure] <whitehairguy> i gave you all
[21Jul2024 02:18:55.282] [Server thread/INFO] [net.minecraft.server.MinecraftServer/]: [Not Secure] <SNAY> haa mere pass hi tha hehe
[21Jul2024 02:19:17.567] [Server thread/INFO] [net.minecraft.server.MinecraftServer/]: [Not Secure] <whitehairguy> we can use warp protal for mining also
[21Jul2024 02:19:21.074] [Server thread/INFO] [net.minecraft.server.MinecraftServer/]: [Not Secure] <whitehairguy> ek idhr set krdo
[21Jul2024 02:19:32.283] [Server thread/INFO] [net.minecraft.server.MinecraftServer/]: [Not Secure] <whitehairguy> mining done hote hi ek neche set kro and boom tum seedha upr
[21Jul2024 02:19:38.329] [Server thread/INFO] [net.minecraft.server.MinecraftServer/]: [Not Secure] <whitehairguy> no need to mine up
[21Jul2024 02:19:42.976] [Server thread/INFO] [net.minecraft.server.MinecraftServer/]: [Not Secure] <whitehairguy> good idea
[21Jul2024 02:19:46.631] [Server thread/INFO] [net.minecraft.server.MinecraftServer/]: [Not Secure] <SNAY> ohh great
[21Jul2024 02:19:56.473] [Server thread/INFO] [net.minecraft.server.MinecraftServer/]: [Not Secure] <SNAY> krde set
[21Jul2024 02:20:15.775] [Server thread/INFO] [net.minecraft.server.MinecraftServer/]: [Not Secure] <whitehairguy> take your ender pearl and set it up on this
[21Jul2024 02:20:25.609] [Server thread/INFO] [net.minecraft.server.MinecraftServer/]: [Not Secure] <whitehairguy> im taking mine
[21Jul2024 02:20:34.964] [Server thread/INFO] [net.minecraft.server.MinecraftServer/]: [Not Secure] <whitehairguy> but isse jada mtt use krna
[21Jul2024 02:20:47.613] [Server thread/INFO] [net.minecraft.server.MinecraftServer/]: [Not Secure] <whitehairguy> because phir confusion start hojayegi
[21Jul2024 02:20:51.464] [Server thread/INFO] [net.minecraft.server.MinecraftServer/]: [Not Secure] <whitehairguy> kaunsa kidhr jata hai
[21Jul2024 02:21:19.869] [Server thread/INFO] [net.minecraft.server.MinecraftServer/]: [Not Secure] <SNAY> saath hi chalte hai
[21Jul2024 02:21:24.564] [Server thread/INFO] [net.minecraft.server.MinecraftServer/]: [Not Secure] <whitehairguy> okie
[21Jul2024 02:21:29.366] [Server thread/INFO] [net.minecraft.server.MinecraftServer/]: [Not Secure] <whitehairguy> let me claer up inventory
[21Jul2024 02:22:26.769] [Server thread/INFO] [net.minecraft.server.MinecraftServer/]: [Not Secure] <whitehairguy> name idea
[21Jul2024 02:22:33.057] [Server thread/INFO] [net.minecraft.server.MinecraftServer/]: [Not Secure] <SNAY> name?
[21Jul2024 02:22:35.223] [Server thread/INFO] [net.minecraft.server.MinecraftServer/]: [Not Secure] <whitehairguy> for axolottl
[21Jul2024 02:23:00.968] [Server thread/INFO] [net.minecraft.server.MinecraftServer/]: [Not Secure] <SNAY> oxo
[21Jul2024 02:23:41.468] [Server thread/INFO] [net.minecraft.server.MinecraftServer/]: [Not Secure] <SNAY> hmmmmmmmm
[21Jul2024 02:23:55.675] [Server thread/INFO] [net.minecraft.server.MinecraftServer/]: [Not Secure] <SNAY> chale mining
[21Jul2024 02:24:03.732] [Server thread/INFO] [net.minecraft.server.MinecraftServer/]: [Not Secure] <whitehairguy> give a m
[21Jul2024 02:24:05.725] [Server thread/INFO] [net.minecraft.server.MinecraftServer/]: [Not Secure] <whitehairguy> 1m
[21Jul2024 02:24:54.624] [Server thread/INFO] [net.minecraft.server.MinecraftServer/]: SNAY has made the advancement [Enchanter]
[21Jul2024 02:24:56.716] [Server thread/INFO] [net.minecraft.server.MinecraftServer/]: [Not Secure] <whitehairguy> lets go
[21Jul2024 02:25:13.623] [Server thread/INFO] [net.minecraft.server.MinecraftServer/]: [Not Secure] <whitehairguy> you have woord?
[21Jul2024 02:25:18.426] [Server thread/INFO] [net.minecraft.server.MinecraftServer/]: [Not Secure] <whitehairguy> for crafting table?
[21Jul2024 02:25:36.077] [Server thread/INFO] [net.minecraft.server.MinecraftServer/]: [Not Secure] <SNAY> mene rakhi thi kisi chesh m
[21Jul2024 02:25:48.615] [Server thread/INFO] [net.minecraft.server.MinecraftServer/]: [Not Secure] <whitehairguy> lets go
[21Jul2024 02:26:12.217] [Server thread/INFO] [net.minecraft.server.MinecraftServer/]: [Not Secure] <SNAY> wait
[21Jul2024 02:26:12.627] [Server thread/INFO] [net.minecraft.server.MinecraftServer/]: [Not Secure] <whitehairguy> ahhh
[21Jul2024 02:26:16.776] [Server thread/INFO] [net.minecraft.server.MinecraftServer/]: [Not Secure] <SNAY> torches
[21Jul2024 02:26:20.221] [Server thread/INFO] [net.minecraft.server.MinecraftServer/]: [Not Secure] <whitehairguy> crying obsidians
[21Jul2024 02:26:25.293] [Server thread/INFO] [net.minecraft.server.MinecraftServer/]: [Not Secure] <whitehairguy> woh bhi ek piece la
[21Jul2024 02:26:44.073] [Server thread/INFO] [net.minecraft.server.MinecraftServer/]: SNAY has made the advancement [Who is Cutting Onions?]
[21Jul2024 02:28:57.125] [Server thread/INFO] [net.minecraft.server.MinecraftServer/]: [Not Secure] <SNAY> idhar aa
[21Jul2024 02:29:10.669] [Server thread/INFO] [net.minecraft.server.MinecraftServer/]: [Not Secure] <whitehairguy> bol
[21Jul2024 02:29:19.993] [Server thread/INFO] [net.minecraft.server.MinecraftServer/]: [Not Secure] <SNAY> de diya samaan
[21Jul2024 02:29:22.902] [Server thread/INFO] [net.minecraft.server.MinecraftServer/]: [Not Secure] <whitehairguy> acha
[21Jul2024 02:29:24.942] [Server thread/INFO] [net.minecraft.server.MinecraftServer/]: [Not Secure] <whitehairguy> okie
[21Jul2024 02:29:59.432] [Server thread/INFO] [net.minecraft.server.MinecraftServer/]: [Not Secure] <whitehairguy> torch krte rehena
[21Jul2024 02:30:00.527] [Server thread/INFO] [net.minecraft.server.MinecraftServer/]: [Not Secure] <SNAY> kha jaana hai
[21Jul2024 02:30:18.013] [Server thread/INFO] [net.minecraft.server.MinecraftServer/]: [Not Secure] <whitehairguy> im lookig myself
[21Jul2024 02:31:13.160] [Server thread/INFO] [net.minecraft.server.MinecraftServer/]: [Not Secure] <whitehairguy> yeh kiske kaam hai
[21Jul2024 02:31:22.055] [Server thread/INFO] [net.minecraft.server.MinecraftServer/]: [Not Secure] <SNAY> kya pta
[21Jul2024 02:31:45.160] [Server thread/WARN] [net.minecraft.server.network.ServerGamePacketListenerImpl/]: whitehairguy moved too quickly! -3.093818585185545,0.45376139975035557,9.641657146688885
[21Jul2024 02:31:55.851] [Server thread/INFO] [net.minecraft.server.MinecraftServer/]: [Not Secure] <whitehairguy> yha ek mineshaft thi
[21Jul2024 02:31:59.911] [Server thread/INFO] [net.minecraft.server.MinecraftServer/]: [Not Secure] <whitehairguy> rsta nhi mil rha
[21Jul2024 02:32:02.070] [Server thread/INFO] [net.minecraft.server.MinecraftServer/]: [Not Secure] <SNAY> huh?
[21Jul2024 02:34:48.906] [Server thread/INFO] [net.minecraft.server.MinecraftServer/]: [Not Secure] <whitehairguy> here we are
[21Jul2024 02:35:26.094] [Server thread/INFO] [net.minecraft.server.MinecraftServer/]: [Not Secure] <SNAY> yha kha milenge diamonds
[21Jul2024 02:36:37.900] [Server thread/INFO] [net.minecraft.server.network.ServerGamePacketListenerImpl/]: SNAY lost connection: Timed out
[21Jul2024 02:36:37.916] [Server thread/INFO] [net.minecraft.server.MinecraftServer/]: SNAY left the game
[21Jul2024 02:36:39.866] [Server thread/INFO] [net.minecraft.server.network.ServerGamePacketListenerImpl/]: whitehairguy lost connection: Disconnected
[21Jul2024 02:36:39.866] [Server thread/INFO] [net.minecraft.server.MinecraftServer/]: whitehairguy left the game
[21Jul2024 02:36:54.426] [Server thread/INFO] [net.minecraft.server.players.PlayerList/]: whitehairguy[/127.62.183.170:56593] logged in with entity id 66782 at (4157.207617941347, -36.0, -8566.047577844996)
[21Jul2024 02:36:54.442] [Server thread/INFO] [net.minecraft.server.MinecraftServer/]: whitehairguy joined the game
[21Jul2024 02:37:13.974] [Server thread/INFO] [net.minecraft.server.players.PlayerList/]: SNAY[/127.169.8.72:56603] logged in with entity id 67370 at (4155.967388170998, -36.0, -8568.29101610169)
[21Jul2024 02:37:13.989] [Server thread/INFO] [net.minecraft.server.MinecraftServer/]: SNAY joined the game
[21Jul2024 02:37:21.672] [Server thread/INFO] [net.minecraft.server.MinecraftServer/]: [Not Secure] <SNAY> connection lost
[21Jul2024 02:37:59.701] [Server thread/INFO] [net.minecraft.server.MinecraftServer/]: [Not Secure] <whitehairguy> strip krni hai ya open?
[21Jul2024 02:38:10.658] [Server thread/INFO] [net.minecraft.server.MinecraftServer/]: [Not Secure] <SNAY> strip is better
[21Jul2024 02:38:15.450] [Server thread/INFO] [net.minecraft.server.MinecraftServer/]: [Not Secure] <whitehairguy> okey
[21Jul2024 02:38:26.753] [Server thread/INFO] [net.minecraft.server.MinecraftServer/]: [Not Secure] <whitehairguy> lets go
[21Jul2024 02:38:33.017] [Server thread/INFO] [net.minecraft.server.MinecraftServer/]: [Not Secure] <whitehairguy> little more
[21Jul2024 02:38:38.466] [Server thread/INFO] [net.minecraft.server.MinecraftServer/]: [Not Secure] <whitehairguy> neeche y level
[21Jul2024 02:38:45.357] [Server thread/INFO] [net.minecraft.server.MinecraftServer/]: [Not Secure] <whitehairguy> diamond ka kyatha?
[21Jul2024 02:38:51.184] [Server thread/INFO] [net.minecraft.server.MinecraftServer/]: [Not Secure] <SNAY> i will be 2 blocks on your right
[21Jul2024 02:38:52.467] [Server thread/INFO] [net.minecraft.server.MinecraftServer/]: [Not Secure] <whitehairguy> ohh diamonts
[21Jul2024 02:39:18.254] [Server thread/INFO] [net.minecraft.server.MinecraftServer/]: [Not Secure] <whitehairguy> got flame book
[21Jul2024 02:39:28.540] [Server thread/INFO] [net.minecraft.server.MinecraftServer/]: [Not Secure] <SNAY> woah
[21Jul2024 02:39:59.364] [Server thread/INFO] [net.minecraft.server.network.ServerGamePacketListenerImpl/]: SNAY lost connection: Timed out
[21Jul2024 02:39:59.364] [Server thread/INFO] [net.minecraft.server.MinecraftServer/]: SNAY left the game
[21Jul2024 02:40:03.392] [Server thread/INFO] [net.minecraft.server.network.ServerGamePacketListenerImpl/]: whitehairguy lost connection: Disconnected
[21Jul2024 02:40:03.392] [Server thread/INFO] [net.minecraft.server.MinecraftServer/]: whitehairguy left the game
[21Jul2024 02:40:17.037] [Server thread/INFO] [net.minecraft.server.players.PlayerList/]: whitehairguy[/127.62.183.170:56683] logged in with entity id 67885 at (4174.450956112253, -38.0, -8575.432722818408)
[21Jul2024 02:40:17.053] [Server thread/INFO] [net.minecraft.server.MinecraftServer/]: whitehairguy joined the game
[21Jul2024 02:40:29.341] [Server thread/INFO] [net.minecraft.server.players.PlayerList/]: SNAY[/127.169.8.72:56690] logged in with entity id 68432 at (4174.147737210878, -37.0, -8586.571596212538)
[21Jul2024 02:40:29.357] [Server thread/INFO] [net.minecraft.server.MinecraftServer/]: SNAY joined the game
[21Jul2024 02:40:31.207] [Server thread/INFO] [net.minecraft.server.MinecraftServer/]: [Not Secure] <whitehairguy> idhr krte
[21Jul2024 02:40:40.970] [Server thread/INFO] [net.minecraft.server.MinecraftServer/]: [Not Secure] <SNAY> yeh connectiion lost kyu ho rha baar baar
[21Jul2024 02:40:44.851] [Server thread/INFO] [net.minecraft.server.MinecraftServer/]: [Not Secure] <whitehairguy> no idea
[21Jul2024 02:40:51.199] [Server thread/INFO] [net.minecraft.server.MinecraftServer/]: [Not Secure] <whitehairguy> i dont have th console
[21Jul2024 02:43:17.999] [Server thread/INFO] [net.minecraft.server.MinecraftServer/]: [Not Secure] <whitehairguy> im going below
[21Jul2024 02:43:22.183] [Server thread/INFO] [net.minecraft.server.MinecraftServer/]: [Not Secure] <whitehairguy> ekd diamond bhi nhi aya
[21Jul2024 02:43:28.230] [Server thread/INFO] [net.minecraft.server.MinecraftServer/]: [Not Secure] <whitehairguy> y level km krle
[21Jul2024 02:44:51.382] [Server thread/INFO] [net.minecraft.server.MinecraftServer/]: [Not Secure] <whitehairguy> pickaxe
[21Jul2024 02:46:44.252] [Server thread/INFO] [net.minecraft.server.network.ServerGamePacketListenerImpl/]: whitehairguy lost connection: Disconnected
[21Jul2024 02:46:44.252] [Server thread/INFO] [net.minecraft.server.MinecraftServer/]: whitehairguy left the game
[21Jul2024 02:46:44.499] [Server thread/INFO] [net.minecraft.server.network.ServerGamePacketListenerImpl/]: SNAY lost connection: Disconnected
[21Jul2024 02:46:44.499] [Server thread/INFO] [net.minecraft.server.MinecraftServer/]: SNAY left the game
[21Jul2024 02:46:59.710] [Server thread/INFO] [net.minecraft.server.players.PlayerList/]: whitehairguy[/127.62.183.170:56859] logged in with entity id 69881 at (4164.220227503299, -42.75081292125532, -8683.487407852186)
[21Jul2024 02:46:59.726] [Server thread/INFO] [net.minecraft.server.MinecraftServer/]: whitehairguy joined the game
[21Jul2024 02:47:04.314] [Server thread/INFO] [net.minecraft.server.players.PlayerList/]: SNAY[/127.169.8.72:56855] logged in with entity id 70227 at (4166.931963623378, -44.0, -8681.017678002341)
[21Jul2024 02:47:04.320] [Server thread/INFO] [net.minecraft.server.MinecraftServer/]: SNAY joined the game
[21Jul2024 02:47:24.276] [Server thread/WARN] [net.minecraft.server.network.ServerGamePacketListenerImpl/]: SNAY moved too quickly! -5.437353614986023,-2.768476202412984,7.950942991416014
[21Jul2024 02:47:49.490] [Server thread/INFO] [net.minecraft.server.network.ServerGamePacketListenerImpl/]: SNAY lost connection: Timed out
[21Jul2024 02:47:49.490] [Server thread/INFO] [net.minecraft.server.MinecraftServer/]: SNAY left the game
[21Jul2024 02:47:49.820] [Server thread/INFO] [net.minecraft.server.network.ServerGamePacketListenerImpl/]: whitehairguy lost connection: Disconnected
[21Jul2024 02:47:49.820] [Server thread/INFO] [net.minecraft.server.MinecraftServer/]: whitehairguy left the game
[21Jul2024 02:49:35.153] [Server thread/INFO] [net.minecraft.server.players.PlayerList/]: whitehairguy[/127.62.183.170:56983] logged in with entity id 70596 at (4152.642224930014, -35.0, -8691.589970687652)
[21Jul2024 02:49:35.159] [Server thread/INFO] [net.minecraft.server.MinecraftServer/]: whitehairguy joined the game
[21Jul2024 02:49:47.076] [Server thread/INFO] [net.minecraft.server.MinecraftServer/]: [Not Secure] <whitehairguy> hello
[21Jul2024 02:51:50.667] [Server thread/INFO] [net.minecraft.server.MinecraftServer/]: [Not Secure] <whitehairguy> server lagging again
[21Jul2024 02:51:53.513] [Server thread/INFO] [net.minecraft.server.MinecraftServer/]: [Not Secure] <whitehairguy> a little
[21Jul2024 02:52:56.352] [Server thread/INFO] [net.minecraft.server.MinecraftServer/]: [Not Secure] <whitehairguy> lets see
[21Jul2024 02:53:07.076] [Server thread/INFO] [net.minecraft.server.players.PlayerList/]: SNAY[/127.169.8.72:57091] logged in with entity id 71537 at (4140.684481350651, -44.0, -8678.069387733056)
[21Jul2024 02:53:07.076] [Server thread/INFO] [net.minecraft.server.MinecraftServer/]: SNAY joined the game
[21Jul2024 02:53:20.506] [Server thread/INFO] [net.minecraft.server.MinecraftServer/]: [Not Secure] <whitehairguy> wait i wasn in chat
[21Jul2024 02:53:22.450] [Server thread/INFO] [net.minecraft.server.MinecraftServer/]: [Not Secure] <whitehairguy> was*
[21Jul2024 02:53:31.767] [Server thread/INFO] [net.minecraft.server.MinecraftServer/]: [Not Secure] <SNAY> ok
[21Jul2024 02:54:13.858] [Server thread/INFO] [net.minecraft.server.network.ServerGamePacketListenerImpl/]: whitehairguy lost connection: Disconnected
[21Jul2024 02:54:13.858] [Server thread/INFO] [net.minecraft.server.MinecraftServer/]: whitehairguy left the game
[21Jul2024 02:54:13.873] [Server thread/INFO] [net.minecraft.server.network.ServerGamePacketListenerImpl/]: SNAY lost connection: Disconnected
[21Jul2024 02:54:13.873] [Server thread/INFO] [net.minecraft.server.MinecraftServer/]: SNAY left the game
[21Jul2024 02:54:59.723] [Server thread/INFO] [net.minecraft.server.players.PlayerList/]: whitehairguy[/127.62.183.170:57175] logged in with entity id 71695 at (4154.689377940061, -38.0, -8688.783964541924)
[21Jul2024 02:54:59.727] [Server thread/INFO] [net.minecraft.server.MinecraftServer/]: whitehairguy joined the game
[21Jul2024 02:55:03.175] [Server thread/INFO] [net.minecraft.server.players.PlayerList/]: SNAY[/127.169.8.72:57169] logged in with entity id 72273 at (4154.041445681342, -38.0, -8688.216247759328)
[21Jul2024 02:55:03.175] [Server thread/INFO] [net.minecraft.server.MinecraftServer/]: SNAY joined the game
[21Jul2024 02:55:49.440] [Server thread/INFO] [net.minecraft.server.MinecraftServer/]: SNAY has made the advancement [Hot Stuff]
[21Jul2024 02:56:13.313] [Server thread/INFO] [net.minecraft.server.MinecraftServer/]: [Not Secure] <whitehairguy> chat check
[21Jul2024 02:56:18.726] [Server thread/INFO] [net.minecraft.server.MinecraftServer/]: [Not Secure] <whitehairguy> abhi theek hai
[21Jul2024 02:56:20.757] [Server thread/INFO] [net.minecraft.server.MinecraftServer/]: [Not Secure] <whitehairguy> hmmm
[21Jul2024 02:56:39.654] [Server thread/INFO] [net.minecraft.server.network.ServerGamePacketListenerImpl/]: SNAY lost connection: Disconnected
[21Jul2024 02:56:39.654] [Server thread/INFO] [net.minecraft.server.MinecraftServer/]: SNAY left the game
[21Jul2024 02:56:44.495] [Server thread/INFO] [net.minecraft.server.MinecraftServer/]: [Not Secure] <whitehairguy> what
[21Jul2024 03:01:44.207] [Server thread/INFO] [net.minecraft.server.MinecraftServer/]: [Not Secure] <whitehairguy> check
[21Jul2024 03:01:45.500] [Server thread/INFO] [net.minecraft.server.network.ServerGamePacketListenerImpl/]: whitehairguy lost connection: Timed out
[21Jul2024 03:01:45.500] [Server thread/INFO] [net.minecraft.server.MinecraftServer/]: whitehairguy left the game
[21Jul2024 03:02:09.816] [Server thread/INFO] [net.minecraft.server.players.PlayerList/]: whitehairguy[/127.62.183.170:57537] logged in with entity id 73300 at (4196.699999988079, -52.0, -8701.665968050198)
[21Jul2024 03:02:09.822] [Server thread/INFO] [net.minecraft.server.MinecraftServer/]: whitehairguy joined the game
[21Jul2024 03:04:04.943] [Server thread/INFO] [net.minecraft.server.network.ServerGamePacketListenerImpl/]: whitehairguy lost connection: Disconnected
[21Jul2024 03:04:04.943] [Server thread/INFO] [net.minecraft.server.MinecraftServer/]: whitehairguy left the game
[21Jul2024 03:04:18.053] [Server thread/INFO] [net.minecraft.server.players.PlayerList/]: whitehairguy[/127.62.183.170:57602] logged in with entity id 74208 at (4206.358309873636, -59.0, -8739.699999988079)
[21Jul2024 03:04:18.063] [Server thread/INFO] [net.minecraft.server.MinecraftServer/]: whitehairguy joined the game
[21Jul2024 03:08:12.013] [Server thread/INFO] [net.minecraft.server.network.ServerGamePacketListenerImpl/]: whitehairguy lost connection: Disconnected
[21Jul2024 03:08:12.013] [Server thread/INFO] [net.minecraft.server.MinecraftServer/]: whitehairguy left the game
[21Jul2024 03:08:24.818] [Server thread/INFO] [net.minecraft.server.players.PlayerList/]: whitehairguy[/127.62.183.170:57707] logged in with entity id 76124 at (503.51556860608224, 57.0, -1032.9834232646378)
[21Jul2024 03:08:24.818] [Server thread/INFO] [net.minecraft.server.MinecraftServer/]: whitehairguy joined the game
[21Jul2024 03:08:51.401] [Server thread/INFO] [net.minecraft.server.network.ServerGamePacketListenerImpl/]: whitehairguy lost connection: Disconnected
[21Jul2024 03:08:51.401] [Server thread/INFO] [net.minecraft.server.MinecraftServer/]: whitehairguy left the game
[21Jul2024 03:08:59.071] [Server thread/INFO] [net.minecraft.server.players.PlayerList/]: whitehairguy[/127.62.183.170:57724] logged in with entity id 76532 at (503.43992965258394, 57.0, -1032.3465204919808)
[21Jul2024 03:08:59.087] [Server thread/INFO] [net.minecraft.server.MinecraftServer/]: whitehairguy joined the game
[21Jul2024 03:09:04.110] [Server thread/INFO] [net.minecraft.server.MinecraftServer/]: [Not Secure] <whitehairguy> check
[21Jul2024 03:09:05.328] [Server thread/INFO] [net.minecraft.server.MinecraftServer/]: [Not Secure] <whitehairguy> chke
[21Jul2024 03:09:14.275] [Server thread/INFO] [net.minecraft.server.MinecraftServer/]: [Not Secure] <whitehairguy> check
[21Jul2024 03:09:14.275] [Server thread/INFO] [net.minecraft.server.MinecraftServer/]: [Not Secure] <whitehairguy> server dead
[21Jul2024 03:09:16.972] [Server thread/INFO] [net.minecraft.server.MinecraftServer/]: [Not Secure] <whitehairguy> hmm
[21Jul2024 03:09:18.671] [Server thread/INFO] [net.minecraft.server.MinecraftServer/]: [Not Secure] <whitehairguy> latency
[21Jul2024 03:10:44.251] [Server thread/INFO] [net.minecraft.server.network.ServerGamePacketListenerImpl/]: whitehairguy lost connection: Timed out
[21Jul2024 03:10:44.251] [Server thread/INFO] [net.minecraft.server.MinecraftServer/]: whitehairguy left the game
[21Jul2024 03:11:52.415] [Server thread/INFO] [net.minecraft.server.players.PlayerList/]: whitehairguy[/127.62.183.170:57815] logged in with entity id 77782 at (4233.5515604767525, 76.0, -8399.05103647067)
[21Jul2024 03:11:52.421] [Server thread/INFO] [net.minecraft.server.MinecraftServer/]: whitehairguy joined the game
[21Jul2024 03:13:52.350] [Server thread/INFO] [net.minecraft.server.network.ServerGamePacketListenerImpl/]: whitehairguy lost connection: Disconnected
[21Jul2024 03:13:52.350] [Server thread/INFO] [net.minecraft.server.MinecraftServer/]: whitehairguy left the game
[21Jul2024 03:14:08.169] [Server thread/INFO] [net.minecraft.server.players.PlayerList/]: whitehairguy[/127.62.183.170:57883] logged in with entity id 78499 at (4236.339875341488, 76.0, -8394.599933516853)
[21Jul2024 03:14:08.185] [Server thread/INFO] [net.minecraft.server.MinecraftServer/]: whitehairguy joined the game
[21Jul2024 03:14:54.797] [Server thread/INFO] [net.minecraft.server.network.ServerGamePacketListenerImpl/]: whitehairguy lost connection: Disconnected
[21Jul2024 03:14:54.797] [Server thread/INFO] [net.minecraft.server.MinecraftServer/]: whitehairguy left the game
[21Jul2024 03:22:09.126] [Server thread/INFO] [net.minecraft.server.players.PlayerList/]: Rad1108[/127.0.0.1:58192] logged in with entity id 79102 at (4238.096118265978, 72.5625, -8396.0700924546)
[21Jul2024 03:22:09.142] [Server thread/INFO] [net.minecraft.server.MinecraftServer/]: Rad1108 joined the game
[21Jul2024 03:24:08.608] [Server thread/INFO] [net.minecraft.server.network.ServerGamePacketListenerImpl/]: Rad1108 lost connection: Disconnected
[21Jul2024 03:24:08.613] [Server thread/INFO] [net.minecraft.server.MinecraftServer/]: Rad1108 left the game
[21Jul2024 03:25:47.713] [Server thread/INFO] [net.minecraft.server.MinecraftServer/]: Stopping server
[21Jul2024 03:25:47.722] [Server thread/INFO] [net.minecraft.server.MinecraftServer/]: Saving players
[21Jul2024 03:25:47.724] [Server thread/INFO] [net.minecraft.server.MinecraftServer/]: Saving worlds
[21Jul2024 03:25:47.744] [Server thread/INFO] [net.minecraft.server.MinecraftServer/]: Saving chunks for level 'ServerLevel[world]'/minecraft:overworld
[21Jul2024 03:25:47.874] [Server thread/INFO] [net.minecraft.server.MinecraftServer/]: Saving chunks for level 'ServerLevel[world]'/minecraft:the_end
[21Jul2024 03:25:47.886] [Server thread/INFO] [net.minecraft.server.MinecraftServer/]: Saving chunks for level 'ServerLevel[world]'/minecraft:the_nether
[21Jul2024 03:25:47.950] [Server thread/INFO] [net.minecraft.server.MinecraftServer/]: ThreadedAnvilChunkStorage (world): All chunks are saved
[21Jul2024 03:25:47.950] [Server thread/INFO] [net.minecraft.server.MinecraftServer/]: ThreadedAnvilChunkStorage (DIM1): All chunks are saved
[21Jul2024 03:25:47.951] [Server thread/INFO] [net.minecraft.server.MinecraftServer/]: ThreadedAnvilChunkStorage (DIM-1): All chunks are saved
[21Jul2024 03:25:47.951] [Server thread/INFO] [net.minecraft.server.MinecraftServer/]: ThreadedAnvilChunkStorage: All dimensions are saved
